<?xml version="1.0" encoding="UTF-8"?>
<!-- Generated by org.testng.reporters.JUnitReportReporter -->
<testsuite hostname="LonniesPC" failures="0" tests="1" name="EcommerceAppPractice.ECommerceAppTests" time="32.417" errors="0" timestamp="2021-11-25T10:27:47 MST" skipped="0">
  <testcase classname="EcommerceAppPractice.ECommerceAppTests" name="totalIsCorrectInCart" time="32.417"/>
  <system-out/>
</testsuite> <!-- EcommerceAppPractice.ECommerceAppTests -->
