<?xml version="1.0" encoding="UTF-8"?>
<!-- Generated by org.testng.reporters.JUnitReportReporter -->
<testsuite hostname="LonniesPC" failures="0" tests="2" name="ApiAppPractice.ApiAppTests" time="44.151" errors="0" timestamp="2021-11-25T10:27:47 MST" skipped="0">
  <testcase classname="ApiAppPractice.ApiAppTests" name="canEnableWifi" time="22.559"/>
  <system-out/>
  <testcase classname="ApiAppPractice.ApiAppTests" name="canEnableWifi" time="21.592"/>
  <system-out/>
</testsuite> <!-- ApiAppPractice.ApiAppTests -->
